<?xml version="1.0" encoding="UTF-8"?>
<!-- Generated by org.testng.reporters.JUnitReportReporter -->
<testsuite hostname="DESKTOP-88838KS" failures="0" tests="1" name="RestAssured.SOUAP_UI" time="5.088" errors="0" timestamp="2023-09-07T23:55:44 IST" skipped="0">
  <testcase classname="RestAssured.SOUAP_UI" name="validateSoap" time="5.088"/>
</testsuite> <!-- RestAssured.SOUAP_UI -->
