<?xml version="1.0" encoding="UTF-8"?>
<!-- Generated by org.testng.reporters.JUnitReportReporter -->
<testsuite hostname="DESKTOP-88838KS" failures="0" tests="1" name="RestAssured.Post_Method" time="5.818" errors="0" timestamp="2023-09-07T00:28:02 IST" skipped="0">
  <testcase classname="RestAssured.Post_Method" name="f" time="5.818"/>
</testsuite> <!-- RestAssured.Post_Method -->
