<?xml version="1.0" encoding="UTF-8"?>
<!-- Generated by org.testng.reporters.JUnitReportReporter -->
<testsuite hostname="DESKTOP-88838KS" failures="0" tests="3" name="TestNg.dataPro" time="0.016" errors="0" timestamp="2023-09-30T02:47:53 IST" skipped="0">
  <testcase classname="TestNg.dataPro" name="data1" time="0.009"/>
  <testcase classname="TestNg.dataPro" name="data1" time="0.003"/>
  <testcase classname="TestNg.dataPro" name="data1" time="0.004"/>
</testsuite> <!-- TestNg.dataPro -->
