<?xml version="1.0" encoding="UTF-8"?>
<!-- Generated by org.testng.reporters.JUnitReportReporter -->
<testsuite hostname="DESKTOP-88838KS" failures="0" tests="1" name="TestNg.Assertion" time="11.122" errors="0" timestamp="2023-09-30T02:47:53 IST" skipped="0">
  <testcase classname="TestNg.Assertion" name="login" time="11.122"/>
</testsuite> <!-- TestNg.Assertion -->
