<?xml version="1.0" encoding="UTF-8"?>
<!-- Generated by org.testng.reporters.JUnitReportReporter -->
<testsuite hostname="DESKTOP-88838KS" failures="0" tests="1" name="RestAssured.Basic" time="3.360" errors="0" timestamp="2023-09-15T00:57:14 IST" skipped="0">
  <testcase classname="RestAssured.Basic" name="f" time="3.360"/>
</testsuite> <!-- RestAssured.Basic -->
