<?xml version="1.0" encoding="UTF-8"?>
<!-- Generated by org.testng.reporters.JUnitReportReporter -->
<testsuite hostname="DESKTOP-88838KS" failures="0" tests="1" name="TestNg.Paramet" time="0.020" errors="0" timestamp="2024-02-08T16:10:21 IST" skipped="0">
  <testcase classname="TestNg.Paramet" name="get" time="0.020"/>
</testsuite> <!-- TestNg.Paramet -->
