<?xml version="1.0" encoding="UTF-8"?>
<!-- Generated by org.testng.reporters.JUnitReportReporter -->
<testsuite hostname="DESKTOP-88838KS" failures="0" tests="3" name="TestNG_POM_Project.BaseTest.Base_Class" time="9.196" errors="0" timestamp="2023-09-12T12:51:05 IST" skipped="1">
  <testcase classname="TestNG_POM_Project.BaseTest.Base_Class" name="show" time="0.019"/>
  <testcase classname="TestNG_POM_Project.BaseTest.Base_Class" name="get" time="9.171"/>
  <testcase classname="TestNG_POM_Project.BaseTest.Base_Class" name="test" time="0.006">
    <skipped/>
  </testcase> <!-- test -->
</testsuite> <!-- TestNG_POM_Project.BaseTest.Base_Class -->
