<?xml version="1.0" encoding="UTF-8"?>
<!-- Generated by org.testng.reporters.JUnitReportReporter -->
<testsuite hostname="DESKTOP-88838KS" failures="0" tests="1" name="RestAssured.Get_Method" time="3.589" errors="0" timestamp="2023-09-06T01:45:25 IST" skipped="0">
  <testcase classname="RestAssured.Get_Method" name="f" time="3.589"/>
</testsuite> <!-- RestAssured.Get_Method -->
