<?xml version="1.0" encoding="UTF-8"?>
<!-- Generated by org.testng.reporters.JUnitReportReporter -->
<testsuite hostname="DESKTOP-88838KS" failures="0" tests="2" name="RestAssured_2024.FirstScript" time="3.512" errors="0" timestamp="2024-02-09T15:36:52 IST" skipped="0">
  <testcase classname="RestAssured_2024.FirstScript" name="get" time="3.154"/>
  <testcase classname="RestAssured_2024.FirstScript" name="show" time="0.358"/>
</testsuite> <!-- RestAssured_2024.FirstScript -->
