<?xml version="1.0" encoding="UTF-8"?>
<!-- Generated by org.testng.reporters.JUnitReportReporter -->
<testsuite hostname="DESKTOP-88838KS" failures="0" tests="2" name="TestNg.Before_Method" time="0.052" errors="0" timestamp="2024-02-08T14:26:34 IST" skipped="0">
  <testcase classname="TestNg.Before_Method" name="demo" time="0.050"/>
  <testcase classname="TestNg.Before_Method" name="get" time="0.002"/>
</testsuite> <!-- TestNg.Before_Method -->
