<?xml version="1.0" encoding="UTF-8"?>
<!-- Generated by org.testng.reporters.JUnitReportReporter -->
<testsuite hostname="DESKTOP-88838KS" failures="0" tests="3"
	name="TestNg.test1" time="0.023" errors="0"
	timestamp="2023-08-31T02:58:23 IST" skipped="0">
	<testcase classname="TestNg.test1" name="f" time="0.016" />
	<testcase classname="TestNg.test1" name="get" time="0.003" />
	<testcase classname="TestNg.test1" name="show" time="0.004" />
</testsuite> <!-- TestNg.test1 -->
