<?xml version="1.0" encoding="UTF-8"?>
<!-- Generated by org.testng.reporters.JUnitReportReporter -->
<testsuite hostname="DESKTOP-88838KS" failures="0" tests="3" name="TestNg.Enabled" time="0.021" errors="0" timestamp="2023-09-30T00:03:41 IST" skipped="0">
  <testcase classname="TestNg.Enabled" name="get" time="0.003"/>
  <testcase classname="TestNg.Enabled" name="f" time="0.013"/>
  <testcase classname="TestNg.Enabled" name="show" time="0.005"/>
</testsuite> <!-- TestNg.Enabled -->
