<?xml version="1.0" encoding="UTF-8"?>
<!-- Generated by org.testng.reporters.JUnitReportReporter -->
<testsuite hostname="DESKTOP-88838KS" failures="0" tests="3" name="JAVA_Program.ParallelTest" time="14.034" errors="0" timestamp="2023-09-03T01:51:27 IST" skipped="0">
  <testcase classname="JAVA_Program.ParallelTest" name="get" time="0.041"/>
  <testcase classname="JAVA_Program.ParallelTest" name="show" time="0.020"/>
  <testcase classname="JAVA_Program.ParallelTest" name="f" time="13.973"/>
</testsuite> <!-- JAVA_Program.ParallelTest -->
