<?xml version="1.0" encoding="UTF-8"?>
<!-- Generated by org.testng.reporters.JUnitReportReporter -->
<testsuite hostname="DESKTOP-88838KS" failures="0" tests="2" name="TestNg.dependOnMethods" time="0.040" errors="0" timestamp="2023-09-30T01:48:18 IST" skipped="0">
  <testcase classname="TestNg.dependOnMethods" name="A" time="0.037"/>
  <testcase classname="TestNg.dependOnMethods" name="B" time="0.003"/>
</testsuite> <!-- TestNg.dependOnMethods -->
