<?xml version="1.0" encoding="UTF-8"?>
<!-- Generated by org.testng.reporters.JUnitReportReporter -->
<testsuite hostname="DESKTOP-88838KS" failures="0" tests="1" name="TestNg.Wait_Commnd" time="12.584" errors="0" timestamp="2024-01-12T13:02:51 IST" skipped="0">
  <testcase classname="TestNg.Wait_Commnd" name="GetTitle" time="12.584"/>
</testsuite> <!-- TestNg.Wait_Commnd -->
