<?xml version="1.0" encoding="UTF-8"?>
<!-- Generated by org.testng.reporters.JUnitReportReporter -->
<testsuite hostname="DESKTOP-88838KS" failures="0" tests="3" name="TestNg.Param" time="0.008" errors="0" timestamp="2023-09-30T02:47:53 IST" skipped="0">
  <testcase classname="TestNg.Param" name="f" time="0.001"/>
  <testcase classname="TestNg.Param" name="get" time="0.006"/>
  <testcase classname="TestNg.Param" name="show" time="0.001"/>
</testsuite> <!-- TestNg.Param -->
