<?xml version="1.0" encoding="UTF-8"?>
<!-- Generated by org.testng.reporters.JUnitReportReporter -->
<testsuite hostname="DESKTOP-88838KS" failures="0" tests="3"
	name="TestNg.Param$test1" time="0.031" errors="0"
	timestamp="2023-08-31T23:15:16 IST" skipped="0">
	<testcase classname="TestNg.Param$test1" name="f" time="0.026" />
	<testcase classname="TestNg.Param$test1" name="get"
		time="0.002" />
	<testcase classname="TestNg.Param$test1" name="show"
		time="0.003" />
</testsuite> <!-- TestNg.Param$test1 -->
