<?xml version="1.0" encoding="UTF-8"?>
<!-- Generated by org.testng.reporters.JUnitReportReporter -->
<testsuite hostname="DESKTOP-88838KS" failures="0" tests="2" name="TestNg.Groups_B" time="0.006" errors="0" timestamp="2023-09-30T02:47:53 IST" skipped="0">
  <testcase classname="TestNg.Groups_B" name="show" time="0.004"/>
  <testcase classname="TestNg.Groups_B" name="get" time="0.002"/>
</testsuite> <!-- TestNg.Groups_B -->
