<?xml version="1.0" encoding="UTF-8"?>
<!-- Generated by org.testng.reporters.JUnitReportReporter -->
<testsuite hostname="DESKTOP-88838KS" failures="0" tests="7" name="TestNg.Invocation_CountTest" time="2.111" errors="1" timestamp="2023-10-03T00:26:46 IST" skipped="1">
  <testcase classname="TestNg.Invocation_CountTest" name="Invocation_CountTest" time="0.018"/>
  <testcase classname="TestNg.Invocation_CountTest" name="Invocation_CountTest" time="0.004"/>
  <testcase classname="TestNg.Invocation_CountTest" name="get" time="2.080">
    <error message="Method TestNg.Invocation_CountTest.get() didn&#039;t finish within the time-out 2000" type="org.testng.internal.thread.ThreadTimeoutException">
      <![CDATA[org.testng.internal.thread.ThreadTimeoutException: Method TestNg.Invocation_CountTest.get() didn't finish within the time-out 2000
at java.base@11.0.19/java.lang.Thread.sleep(Native Method)
at app//TestNg.Invocation_CountTest.get(Invocation_CountTest.java:15)
at java.base@11.0.19/jdk.internal.reflect.NativeMethodAccessorImpl.invoke0(Native Method)
at java.base@11.0.19/jdk.internal.reflect.NativeMethodAccessorImpl.invoke(NativeMethodAccessorImpl.java:62)
at java.base@11.0.19/jdk.internal.reflect.DelegatingMethodAccessorImpl.invoke(DelegatingMethodAccessorImpl.java:43)
at java.base@11.0.19/java.lang.reflect.Method.invoke(Method.java:566)
at app//org.testng.internal.invokers.MethodInvocationHelper.invokeMethod(MethodInvocationHelper.java:139)
at app//org.testng.internal.invokers.InvokeMethodRunnable.runOne(InvokeMethodRunnable.java:47)
at app//org.testng.internal.invokers.InvokeMethodRunnable.call(InvokeMethodRunnable.java:76)
at app//org.testng.internal.invokers.InvokeMethodRunnable.call(InvokeMethodRunnable.java:11)
at java.base@11.0.19/java.util.concurrent.FutureTask.run(FutureTask.java:264)
at java.base@11.0.19/java.util.concurrent.ThreadPoolExecutor.runWorker(ThreadPoolExecutor.java:1128)
at java.base@11.0.19/java.util.concurrent.ThreadPoolExecutor$Worker.run(ThreadPoolExecutor.java:628)
at java.base@11.0.19/java.lang.Thread.run(Thread.java:834)
]]>
    </error>
  </testcase> <!-- get -->
  <testcase classname="TestNg.Invocation_CountTest" name="Invocation_CountTest" time="0.003"/>
  <testcase classname="TestNg.Invocation_CountTest" name="Invocation_CountTest" time="0.003"/>
  <testcase classname="TestNg.Invocation_CountTest" name="Invocation_CountTest" time="0.003"/>
  <testcase classname="TestNg.Invocation_CountTest" name="skip">
    <skipped/>
  </testcase> <!-- skip -->
</testsuite> <!-- TestNg.Invocation_CountTest -->
