<?xml version="1.0" encoding="UTF-8"?>
<!-- Generated by org.testng.reporters.JUnitReportReporter -->
<testsuite hostname="DESKTOP-88838KS" failures="0" tests="3" name="TestNg.Group" time="0.023" errors="0" timestamp="2023-09-30T02:47:53 IST" skipped="0">
  <testcase classname="TestNg.Group" name="Smoke" time="0.004"/>
  <testcase classname="TestNg.Group" name="Sanity" time="0.004"/>
  <testcase classname="TestNg.Group" name="Integration" time="0.015"/>
</testsuite> <!-- TestNg.Group -->
