<?xml version="1.0" encoding="UTF-8"?>
<!-- Generated by org.testng.reporters.JUnitReportReporter -->
<testsuite hostname="DESKTOP-88838KS" failures="0" tests="1" name="RestAssured.Delete" time="4.924" errors="0" timestamp="2023-09-07T00:16:50 IST" skipped="0">
  <testcase classname="RestAssured.Delete" name="f" time="4.924"/>
</testsuite> <!-- RestAssured.Delete -->
