<?xml version="1.0" encoding="UTF-8"?>
<!-- Generated by org.testng.reporters.JUnitReportReporter -->
<testsuite hostname="DESKTOP-88838KS" failures="0" tests="1" name="Propperties" time="18.242" errors="0" timestamp="2023-09-28T03:31:17 IST" skipped="0">
  <testcase classname="Propperties" name="readFile" time="18.242"/>
</testsuite> <!-- Propperties -->
