<?xml version="1.0" encoding="UTF-8"?>
<!-- Generated by org.testng.reporters.JUnitReportReporter -->
<testsuite hostname="DESKTOP-88838KS" failures="0" tests="8" name="RestAssured_2024.Demo_Script" time="6.980" errors="0" timestamp="2024-02-10T01:31:27 IST" skipped="0">
  <testcase classname="RestAssured_2024.Demo_Script" name="testData" time="0.002"/>
  <testcase classname="RestAssured_2024.Demo_Script" name="PostMethod" time="3.904"/>
  <testcase classname="RestAssured_2024.Demo_Script" name="putMethod" time="0.408"/>
  <testcase classname="RestAssured_2024.Demo_Script" name="get2" time="0.153"/>
  <testcase classname="RestAssured_2024.Demo_Script" name="get1" time="1.591"/>
  <testcase classname="RestAssured_2024.Demo_Script" name="test1" time="0.115"/>
  <testcase classname="RestAssured_2024.Demo_Script" name="patchMethod" time="0.382"/>
  <testcase classname="RestAssured_2024.Demo_Script" name="deleteMethod" time="0.425"/>
</testsuite> <!-- RestAssured_2024.Demo_Script -->
