<?xml version="1.0" encoding="UTF-8"?>
<!-- Generated by org.testng.reporters.JUnitReportReporter -->
<testsuite hostname="DESKTOP-88838KS" failures="0" tests="2" name="TestNg.RestAssured_1" time="6.601" errors="0" timestamp="2023-09-05T10:25:24 IST" skipped="0">
  <testcase classname="TestNg.RestAssured_1" name="show" time="1.149"/>
  <testcase classname="TestNg.RestAssured_1" name="f" time="5.452"/>
</testsuite> <!-- TestNg.RestAssured_1 -->
