<?xml version="1.0" encoding="UTF-8"?>
<!-- Generated by org.testng.reporters.JUnitReportReporter -->
<testsuite hostname="DESKTOP-88838KS" failures="0" tests="3" name="TestNg.alwaysRun1" time="0.020" errors="0" timestamp="2023-09-02T23:03:53 IST" skipped="0">
  <testcase classname="TestNg.alwaysRun1" name="put" time="0.003"/>
  <testcase classname="TestNg.alwaysRun1" name="get" time="0.002"/>
  <testcase classname="TestNg.alwaysRun1" name="f" time="0.015"/>
</testsuite> <!-- TestNg.alwaysRun1 -->
