<?xml version="1.0" encoding="UTF-8"?>
<!-- Generated by org.testng.reporters.JUnitReportReporter -->
<testsuite hostname="DESKTOP-88838KS" failures="0" tests="1" name="RestAssured.JsonSchemaValidator" time="6.242" errors="0" timestamp="2023-09-07T13:22:54 IST" skipped="0">
  <testcase classname="RestAssured.JsonSchemaValidator" name="f" time="6.242"/>
</testsuite> <!-- RestAssured.JsonSchemaValidator -->
