<?xml version="1.0" encoding="UTF-8"?>
<!-- Generated by org.testng.reporters.JUnitReportReporter -->
<testsuite hostname="DESKTOP-88838KS" failures="0" tests="3" name="TestNg.Priority_1" time="0.037" errors="0" timestamp="2024-02-08T14:46:08 IST" skipped="0">
  <testcase classname="TestNg.Priority_1" name="get" time="0.028"/>
  <testcase classname="TestNg.Priority_1" name="show1" time="0.003"/>
  <testcase classname="TestNg.Priority_1" name="show" time="0.006"/>
</testsuite> <!-- TestNg.Priority_1 -->
