<?xml version="1.0" encoding="UTF-8"?>
<!-- Generated by org.testng.reporters.JUnitReportReporter -->
<testsuite hostname="DESKTOP-88838KS" failures="0" tests="2"
	name="TestNg.Before_Method" time="0.018" errors="0"
	timestamp="2023-08-31T14:25:01 IST" skipped="1">
	<testcase classname="TestNg.Before_Method" name="demo"
		time="0.018" />
	<testcase classname="TestNg.Before_Method" name="get">
		<skipped />
	</testcase> <!-- get -->
</testsuite> <!-- TestNg.Before_Method -->
