<?xml version="1.0" encoding="UTF-8"?>
<!-- Generated by org.testng.reporters.JUnitReportReporter -->
<testsuite hostname="DESKTOP-88838KS" failures="0" tests="1" name="TestNG_POM_Project.CrossBrower" time="95.424" errors="0" timestamp="2023-10-03T01:18:27 IST" skipped="0">
  <testcase classname="TestNG_POM_Project.CrossBrower" name="f" time="95.424"/>
</testsuite> <!-- TestNG_POM_Project.CrossBrower -->
