<?xml version="1.0" encoding="UTF-8"?>
<!-- Generated by org.testng.reporters.JUnitReportReporter -->
<testsuite hostname="DESKTOP-88838KS" failures="0" tests="2" name="RestAssured.RestAssured_1" time="12.474" errors="0" timestamp="2023-09-10T15:11:24 IST" skipped="0">
  <testcase classname="RestAssured.RestAssured_1" name="f" time="12.176"/>
  <testcase classname="RestAssured.RestAssured_1" name="show" time="0.298"/>
</testsuite> <!-- RestAssured.RestAssured_1 -->
