<?xml version="1.0" encoding="UTF-8"?>
<!-- Generated by org.testng.reporters.JUnitReportReporter -->
<testsuite hostname="DESKTOP-88838KS" failures="0" tests="1" name="TestNG_POM_Project.Login_google" time="15.668" errors="0" timestamp="2023-09-12T11:43:01 IST" skipped="0">
  <testcase classname="TestNG_POM_Project.Login_google" name="f" time="15.668"/>
</testsuite> <!-- TestNG_POM_Project.Login_google -->
