<?xml version="1.0" encoding="UTF-8"?>
<!-- Generated by org.testng.reporters.JUnitReportReporter -->
<testsuite hostname="DESKTOP-88838KS" failures="0" tests="1" name="Extent_Reports" time="8.406" errors="0" timestamp="2024-02-27T23:30:34 IST" skipped="0">
  <testcase classname="Extent_Reports" name="demo1" time="8.406">
    <system-out>
      <![CDATA[url of the application is opned
Username is entereds
password is entereds
 sucessfuly login
<a href="C:\Users\ADMIN\eclipse-workspace\Selenium\test.png">screenshot</a>]]>
    </system-out>
  </testcase> <!-- demo1 -->
  <system-out>
    <![CDATA[Chrome Browser got launched
chrome browser is maximize 
url of the application is opned
Username is entereds
password is entereds
 sucessfuly login
<a href="C:\Users\ADMIN\eclipse-workspace\Selenium\test.png">screenshot</a>]]>
  </system-out>
</testsuite> <!-- Extent_Reports -->
