<?xml version="1.0" encoding="UTF-8"?>
<!-- Generated by org.testng.reporters.JUnitReportReporter -->
<testsuite hostname="DESKTOP-88838KS" failures="0" tests="1" name="TestNg.TestNgFirstProgram" time="0.008" errors="0" timestamp="2024-02-08T14:26:34 IST" skipped="0">
  <testcase classname="TestNg.TestNgFirstProgram" name="get" time="0.008"/>
</testsuite> <!-- TestNg.TestNgFirstProgram -->
