<?xml version="1.0" encoding="UTF-8"?>
<!-- Generated by org.testng.reporters.JUnitReportReporter -->
<testsuite hostname="DESKTOP-88838KS" failures="0" tests="1" name="N_Base.Search" time="1.207" errors="0" timestamp="2023-09-26T14:35:52 IST" skipped="0">
  <testcase classname="N_Base.Search" name="opration" time="1.207"/>
</testsuite> <!-- N_Base.Search -->
