<?xml version="1.0" encoding="UTF-8"?>
<!-- Generated by org.testng.reporters.JUnitReportReporter -->
<testsuite hostname="DESKTOP-88838KS" failures="0" tests="2" name="RestAssured_2024.PostRequest" time="4.964" errors="0" timestamp="2024-02-09T16:50:17 IST" skipped="0">
  <testcase classname="RestAssured_2024.PostRequest" name="PostTest" time="4.952"/>
  <testcase classname="RestAssured_2024.PostRequest" name="PostMethod" time="0.012"/>
</testsuite> <!-- RestAssured_2024.PostRequest -->
