<?xml version="1.0" encoding="UTF-8"?>
<!-- Generated by org.testng.reporters.JUnitReportReporter -->
<testsuite hostname="DESKTOP-88838KS" failures="0" tests="2"
	name="TestNg.Group" time="0.022" errors="0"
	timestamp="2023-08-31T16:47:21 IST" skipped="0">
	<testcase classname="TestNg.Group" name="Smoke" time="0.003" />
	<testcase classname="TestNg.Group" name="Integration"
		time="0.019" />
</testsuite> <!-- TestNg.Group -->
