<?xml version="1.0" encoding="UTF-8"?>
<!-- Generated by org.testng.reporters.JUnitReportReporter -->
<testsuite hostname="DESKTOP-88838KS" failures="0" tests="1" name="TestNg.Group_A" time="0.019" errors="0" timestamp="2023-09-30T02:43:04 IST" skipped="0">
  <testcase classname="TestNg.Group_A" name="smoke" time="0.019"/>
</testsuite> <!-- TestNg.Group_A -->
