<?xml version="1.0" encoding="UTF-8"?>
<!-- Generated by org.testng.reporters.JUnitReportReporter -->
<testsuite hostname="DESKTOP-88838KS" failures="0" tests="2" name="TestNg.Demo" time="0.017" errors="0" timestamp="2023-10-03T15:30:07 IST" skipped="0">
  <testcase classname="TestNg.Demo" name="f" time="0.013"/>
  <testcase classname="TestNg.Demo" name="get" time="0.004"/>
</testsuite> <!-- TestNg.Demo -->
