<?xml version="1.0" encoding="UTF-8"?>
<!-- Generated by org.testng.reporters.JUnitReportReporter -->
<testsuite hostname="DESKTOP-88838KS" failures="0" tests="3" name="TestNg.dataPro" time="0.025" errors="0" timestamp="2023-09-03T00:26:23 IST" skipped="0">
  <testcase classname="TestNg.dataPro" name="data1" time="0.014"/>
  <testcase classname="TestNg.dataPro" name="data1" time="0.008"/>
  <testcase classname="TestNg.dataPro" name="data1" time="0.003"/>
</testsuite> <!-- TestNg.dataPro -->
