<?xml version="1.0" encoding="UTF-8"?>
<!-- Generated by org.testng.reporters.JUnitReportReporter -->
<testsuite hostname="DESKTOP-88838KS" failures="0" tests="1"
	name="TestNg.SecondCase" time="0.024" errors="0"
	timestamp="2023-08-31T12:19:51 IST" skipped="0">
	<testcase classname="TestNg.SecondCase" name="f" time="0.024" />
</testsuite> <!-- TestNg.SecondCase -->
