<?xml version="1.0" encoding="UTF-8"?>
<!-- Generated by org.testng.reporters.JUnitReportReporter -->
<testsuite hostname="DESKTOP-88838KS" failures="0" tests="2" name="TestNg.CustomerDataProvide" time="0.020" errors="0" timestamp="2023-09-02T23:57:45 IST" skipped="0">
  <testcase classname="TestNg.CustomerDataProvide" name="f" time="0.013"/>
  <testcase classname="TestNg.CustomerDataProvide" name="f" time="0.007"/>
</testsuite> <!-- TestNg.CustomerDataProvide -->
