<?xml version="1.0" encoding="UTF-8"?>
<!-- Generated by org.testng.reporters.JUnitReportReporter -->
<testsuite hostname="DESKTOP-88838KS" failures="0" tests="1" name="RestAssured_2024.RestAssuredDemo" time="42.556" errors="0" timestamp="2024-03-01T15:59:42 IST" skipped="0">
  <testcase classname="RestAssured_2024.RestAssuredDemo" name="get" time="42.556"/>
</testsuite> <!-- RestAssured_2024.RestAssuredDemo -->
