<?xml version="1.0" encoding="UTF-8"?>
<!-- Generated by org.testng.reporters.JUnitReportReporter -->
<testsuite hostname="DESKTOP-88838KS" failures="0" tests="1" name="TestNg.DataProvider" time="0.024" errors="0" timestamp="2023-09-02T23:33:41 IST" skipped="0">
  <testcase classname="TestNg.DataProvider" name="f" time="0.024"/>
</testsuite> <!-- TestNg.DataProvider -->
