<?xml version="1.0" encoding="UTF-8"?>
<!-- Generated by org.testng.reporters.JUnitReportReporter -->
<testsuite hostname="DESKTOP-88838KS" failures="0" tests="3" name="TestNg.alwaysRun1" time="0.078" errors="0" timestamp="2024-02-08T13:37:47 IST" skipped="0">
  <testcase classname="TestNg.alwaysRun1" name="put" time="0.004"/>
  <testcase classname="TestNg.alwaysRun1" name="get" time="0.003"/>
  <testcase classname="TestNg.alwaysRun1" name="f" time="0.071"/>
</testsuite> <!-- TestNg.alwaysRun1 -->
