<?xml version="1.0" encoding="UTF-8"?>
<!-- Generated by org.testng.reporters.JUnitReportReporter -->
<testsuite hostname="DESKTOP-88838KS" failures="0" tests="1" name="RestAssured.Get_Method" time="16.502" errors="0" timestamp="2023-09-15T00:35:00 IST" skipped="0">
  <testcase classname="RestAssured.Get_Method" name="f" time="16.502"/>
</testsuite> <!-- RestAssured.Get_Method -->
